TN:
SF:reference/bench.mjs
FN:17,stats
FN:19,at
FN:23,time
FN:34,runBench
FNF:4
FNH:4
FNDA:9,stats
FNDA:18,at
FNDA:9,time
FNDA:1,runBench
DA:1,1
DA:2,1
DA:3,1
DA:4,1
DA:5,1
DA:6,1
DA:7,1
DA:8,1
DA:9,1
DA:10,1
DA:11,1
DA:12,1
DA:13,1
DA:14,1
DA:15,1
DA:16,1
DA:17,9
DA:18,9
DA:19,9
DA:20,9
DA:21,9
DA:22,1
DA:23,9
DA:24,9
DA:25,9
DA:26,180
DA:27,180
DA:28,180
DA:29,180
DA:30,9
DA:31,9
DA:32,1
DA:33,1
DA:34,1
DA:35,1
DA:36,1
DA:37,1
DA:38,1
DA:39,1
DA:40,1
DA:41,1
DA:42,1
DA:43,1
DA:44,1
DA:45,1
DA:46,0
DA:47,0
DA:48,0
DA:49,0
DA:50,0
DA:51,0
DA:52,0
LF:52
LH:45
BRDA:1,0,0,1
BRDA:45,1,0,0
BRDA:17,2,0,9
BRDA:18,3,0,543
BRDA:19,4,0,18
BRDA:23,5,0,9
BRDA:25,6,0,180
BRDA:27,7,0,900
BRDA:34,8,0,1
BRDA:36,9,0,7
BRDA:36,10,0,700
BRDA:39,11,0,100
BRDA:40,12,0,100
BRF:13
BRH:12
end_of_record
TN:
SF:reference/checkers.mjs
FN:17,luhn
FN:34,dedupeOverlaps
FN:45,structuredPII
FNF:3
FNH:0
FNDA:0,luhn
FNDA:0,dedupeOverlaps
FNDA:0,structuredPII
DA:1,5
DA:2,5
DA:3,5
DA:4,5
DA:5,5
DA:6,5
DA:7,5
DA:8,5
DA:9,5
DA:10,5
DA:11,5
DA:12,5
DA:13,5
DA:14,5
DA:15,5
DA:16,5
DA:17,0
DA:18,0
DA:19,0
DA:20,0
DA:21,0
DA:22,0
DA:23,0
DA:24,0
DA:25,0
DA:26,0
DA:27,0
DA:28,0
DA:29,0
DA:30,0
DA:31,0
DA:32,0
DA:33,5
DA:34,0
DA:35,0
DA:36,0
DA:37,0
DA:38,0
DA:39,0
DA:40,0
DA:41,0
DA:42,0
DA:43,5
DA:44,5
DA:45,5
DA:46,0
DA:47,0
DA:48,0
DA:49,0
DA:50,0
DA:51,0
DA:52,0
DA:53,0
DA:54,0
DA:55,0
DA:56,0
DA:57,0
DA:58,5
DA:59,5
DA:60,5
DA:61,5
DA:62,5
DA:63,5
DA:64,5
DA:65,5
DA:66,5
DA:67,5
DA:68,5
DA:69,5
DA:70,5
DA:71,5
DA:72,5
DA:73,5
DA:74,5
DA:75,5
DA:76,5
DA:77,5
DA:78,5
DA:79,5
DA:80,5
DA:81,5
DA:82,5
DA:83,5
DA:84,5
DA:85,5
LF:85
LH:48
BRDA:1,0,0,5
BRF:1
BRH:1
end_of_record
TN:
SF:reference/engine.mjs
FN:9,overlaps
FN:12,flagToReason
FN:28,modelReasons
FN:88,dedupeFlags
FN:101,mergeReasons
FN:114,assemble
FN:131,moderate
FN:145,moderateAsync
FNF:8
FNH:7
FNDA:3,overlaps
FNDA:195,flagToReason
FNDA:6,modelReasons
FNDA:113,dedupeFlags
FNDA:122,mergeReasons
FNDA:122,assemble
FNDA:122,moderate
FNDA:0,moderateAsync
DA:1,5
DA:2,5
DA:3,5
DA:4,5
DA:5,5
DA:6,5
DA:7,5
DA:8,5
DA:9,5
DA:10,5
DA:11,5
DA:12,195
DA:13,195
DA:14,195
DA:15,195
DA:16,195
DA:17,195
DA:18,195
DA:19,195
DA:20,195
DA:21,195
DA:22,195
DA:23,195
DA:24,195
DA:25,195
DA:26,5
DA:27,5
DA:28,6
DA:29,6
DA:30,6
DA:31,4
DA:32,4
DA:33,4
DA:34,4
DA:35,4
DA:36,4
DA:37,4
DA:38,4
DA:39,4
DA:40,4
DA:41,4
DA:42,4
DA:43,6
DA:44,0
DA:45,0
DA:46,0
DA:47,0
DA:48,0
DA:49,0
DA:50,0
DA:51,0
DA:52,0
DA:53,0
DA:54,0
DA:55,0
DA:56,6
DA:57,3
DA:58,5
DA:59,3
DA:60,3
DA:61,3
DA:62,3
DA:63,3
DA:64,3
DA:65,5
DA:66,5
DA:67,5
DA:68,5
DA:69,5
DA:70,3
DA:71,6
DA:72,24
DA:73,24
DA:74,24
DA:75,24
DA:76,0
DA:77,0
DA:78,0
DA:79,0
DA:80,0
DA:81,0
DA:82,0
DA:83,24
DA:84,6
DA:85,6
DA:86,5
DA:87,5
DA:88,113
DA:89,113
DA:90,113
DA:91,113
DA:92,302
DA:93,302
DA:94,194
DA:95,194
DA:96,194
DA:97,113
DA:98,113
DA:99,5
DA:100,5
DA:101,122
DA:102,122
DA:103,122
DA:104,202
DA:105,202
DA:106,199
DA:107,122
DA:108,122
DA:109,42
DA:110,42
DA:111,122
DA:112,122
DA:113,5
DA:114,122
DA:115,122
DA:116,122
DA:117,201
DA:118,201
DA:119,122
DA:120,122
DA:121,122
DA:122,122
DA:123,122
DA:124,122
DA:125,5
DA:126,5
DA:127,5
DA:128,5
DA:129,5
DA:130,5
DA:131,5
DA:132,122
DA:133,122
DA:134,122
DA:135,122
DA:136,122
DA:137,122
DA:138,122
DA:139,122
DA:140,122
DA:141,122
DA:142,122
DA:143,5
DA:144,5
DA:145,5
DA:146,0
DA:147,0
DA:148,0
DA:149,0
DA:150,0
DA:151,0
DA:152,0
DA:153,0
DA:154,0
DA:155,0
LF:155
LH:126
BRDA:1,0,0,5
BRDA:9,1,0,3
BRDA:9,2,0,1
BRDA:12,3,0,195
BRDA:23,4,0,42
BRDA:28,5,0,6
BRDA:30,6,0,5
BRDA:30,7,0,4
BRDA:43,8,0,0
BRDA:43,9,0,0
BRDA:56,10,0,3
BRDA:57,11,0,5
BRDA:58,12,0,3
BRDA:58,13,0,2
BRDA:71,14,0,24
BRDA:74,15,0,0
BRDA:74,16,0,0
BRDA:75,17,0,0
BRDA:88,18,0,113
BRDA:91,19,0,302
BRDA:93,20,0,299
BRDA:93,21,0,108
BRDA:94,22,0,194
BRDA:101,23,0,122
BRDA:108,24,0,42
BRDA:102,25,0,202
BRDA:102,26,0,116
BRDA:102,27,0,113
BRDA:103,28,0,202
BRDA:104,29,0,7
BRDA:104,30,0,3
BRDA:105,31,0,3
BRDA:106,32,0,199
BRDA:105,33,0,3
BRDA:108,34,0,160
BRDA:109,35,0,83
BRDA:109,36,0,1
BRDA:109,37,0,0
BRDA:109,38,0,82
BRDA:114,39,0,122
BRDA:116,40,0,201
BRDA:117,41,0,120
BRDA:117,42,0,0
BRDA:120,43,0,201
BRDA:120,44,0,115
BRDA:121,45,0,115
BRDA:122,46,0,201
BRDA:131,47,0,122
BRDA:138,48,0,113
BRDA:140,49,0,6
BRF:50
BRH:43
end_of_record
TN:
SF:reference/explain.mjs
FN:3,explainReason
FN:12,explain
FNF:2
FNH:2
FNDA:6,explainReason
FNDA:3,explain
DA:1,3
DA:2,3
DA:3,3
DA:4,6
DA:5,6
DA:6,6
DA:7,6
DA:8,6
DA:9,6
DA:10,3
DA:11,3
DA:12,3
DA:13,3
DA:14,2
DA:15,3
LF:15
LH:15
BRDA:1,0,0,3
BRDA:3,1,0,6
BRDA:4,2,0,1
BRDA:4,3,0,5
BRDA:5,4,0,0
BRDA:6,5,0,5
BRDA:6,6,0,1
BRDA:7,7,0,5
BRDA:7,8,0,1
BRDA:12,9,0,3
BRDA:13,10,0,1
BRDA:14,11,0,2
BRF:12
BRH:11
end_of_record
TN:
SF:reference/heads.mjs
FN:32,resolveHeads
FN:40,enabledDetectors
FNF:2
FNH:2
FNDA:123,resolveHeads
FNDA:123,enabledDetectors
DA:1,6
DA:2,6
DA:3,6
DA:4,6
DA:5,6
DA:6,6
DA:7,6
DA:8,6
DA:9,6
DA:10,6
DA:11,6
DA:12,6
DA:13,6
DA:14,6
DA:15,6
DA:16,6
DA:17,6
DA:18,6
DA:19,6
DA:20,6
DA:21,6
DA:22,6
DA:23,6
DA:24,6
DA:25,6
DA:26,6
DA:27,6
DA:28,6
DA:29,6
DA:30,6
DA:31,6
DA:32,6
DA:33,123
DA:34,123
DA:35,123
DA:36,123
DA:37,123
DA:38,6
DA:39,6
DA:40,6
DA:41,123
DA:42,123
DA:43,123
DA:44,123
LF:44
LH:44
BRDA:1,0,0,6
BRDA:32,1,0,123
BRDA:34,2,0,1230
BRDA:34,3,0,1227
BRDA:35,4,0,3
BRDA:35,5,0,0
BRDA:40,6,0,123
BRDA:42,7,0,861
BRF:8
BRH:7
end_of_record
TN:
SF:reference/normalize.mjs
FN:10,skeleton
FN:21,normalize
FN:38,toOriginal
FNF:3
FNH:3
FNDA:10751,skeleton
FNDA:228,normalize
FNDA:113,toOriginal
DA:1,7
DA:2,7
DA:3,7
DA:4,7
DA:5,7
DA:6,7
DA:7,7
DA:8,7
DA:9,7
DA:10,7
DA:11,10751
DA:12,10751
DA:13,7
DA:14,7
DA:15,7
DA:16,7
DA:17,7
DA:18,7
DA:19,7
DA:20,7
DA:21,7
DA:22,228
DA:23,228
DA:24,228
DA:25,228
DA:26,10626
DA:27,10626
DA:28,10626
DA:29,10626
DA:30,10891
DA:31,10891
DA:32,10891
DA:33,10626
DA:34,10626
DA:35,228
DA:36,228
DA:37,228
DA:38,228
DA:39,113
DA:40,0
DA:41,0
DA:42,0
DA:43,113
DA:44,113
DA:45,113
DA:46,1023
DA:47,1023
DA:48,1023
DA:49,113
DA:50,228
DA:51,228
DA:52,228
DA:53,228
LF:53
LH:50
BRDA:1,0,0,7
BRDA:10,1,0,10751
BRDA:21,2,0,228
BRDA:25,3,0,10626
BRDA:28,4,0,3
BRDA:29,5,0,10891
BRDA:38,6,0,113
BRDA:39,7,0,0
BRDA:45,8,0,1023
BRDA:46,9,0,113
BRDA:47,10,0,966
BRF:11
BRH:10
end_of_record
TN:
SF:reference/schema.mjs
FN:8,moderationSchema
FN:13,validate
FN:24,zodRefine
FNF:3
FNH:3
FNDA:1,moderationSchema
FNDA:2,validate
FNDA:2,zodRefine
DA:1,2
DA:2,2
DA:3,2
DA:4,2
DA:5,2
DA:6,2
DA:7,2
DA:8,2
DA:9,1
DA:10,1
DA:11,1
DA:12,1
DA:13,1
DA:14,2
DA:15,2
DA:16,2
DA:17,1
DA:18,1
DA:19,1
DA:20,1
DA:21,1
DA:22,2
DA:23,2
DA:24,2
DA:25,2
DA:26,2
DA:27,2
DA:28,2
DA:29,2
LF:29
LH:29
BRDA:1,0,0,2
BRDA:8,1,0,1
BRDA:13,2,0,2
BRDA:14,3,0,0
BRDA:16,4,0,1
BRDA:16,5,0,1
BRDA:24,6,0,2
BRDA:25,7,0,2
BRDA:26,8,0,0
BRDA:27,9,0,1
BRF:10
BRH:8
end_of_record
TN:
SF:reference/validate.mjs
FN:13,maskValue
FN:24,redactText
FN:36,check
FNF:3
FNH:3
FNDA:11,maskValue
FNDA:1,redactText
FNDA:7,check
DA:1,1
DA:2,1
DA:3,1
DA:4,1
DA:5,1
DA:6,1
DA:7,1
DA:8,1
DA:9,1
DA:10,1
DA:11,1
DA:12,1
DA:13,1
DA:14,11
DA:15,11
DA:16,4
DA:17,4
DA:18,4
DA:19,11
DA:20,7
DA:21,11
DA:22,1
DA:23,1
DA:24,1
DA:25,1
DA:26,1
DA:27,1
DA:28,1
DA:29,1
DA:30,1
DA:31,1
DA:32,1
DA:33,1
DA:34,1
DA:35,1
DA:36,1
DA:37,7
DA:38,7
DA:39,7
DA:40,7
DA:41,10
DA:42,10
DA:43,10
DA:44,10
DA:45,10
DA:46,10
DA:47,10
DA:48,10
DA:49,10
DA:50,10
DA:51,10
DA:52,10
DA:53,10
DA:54,7
DA:55,7
DA:56,7
DA:57,7
DA:58,7
DA:59,1
DA:60,1
DA:61,1
DA:62,1
LF:62
LH:62
BRDA:1,0,0,1
BRDA:13,1,0,11
BRDA:14,2,0,0
BRDA:15,3,0,4
BRDA:17,4,0,0
BRDA:17,5,0,0
BRDA:19,6,0,7
BRDA:19,7,0,0
BRDA:20,8,0,7
BRDA:24,9,0,1
BRDA:25,10,0,1
BRDA:36,11,0,7
BRDA:39,12,0,8
BRDA:40,13,0,10
BRDA:41,14,0,8
BRDA:41,15,0,2
BRDA:42,16,0,8
BRDA:42,17,0,2
BRDA:46,18,0,8
BRDA:46,19,0,2
BRDA:47,20,0,2
BRDA:48,21,0,8
BRDA:48,22,0,2
BRDA:49,23,0,8
BRDA:49,24,0,2
BRDA:50,25,0,4
BRDA:50,26,0,6
BRDA:52,27,0,8
BRDA:55,28,0,6
BRDA:56,29,0,10
BRF:30
BRH:26
end_of_record
TN:
SF:reference/detectors/index.mjs
FN:26,detect
FNF:1
FNH:1
FNDA:239,detect
DA:1,6
DA:2,6
DA:3,6
DA:4,6
DA:5,6
DA:6,6
DA:7,6
DA:8,6
DA:9,6
DA:10,6
DA:11,6
DA:12,6
DA:13,6
DA:14,6
DA:15,6
DA:16,6
DA:17,6
DA:18,6
DA:19,6
DA:20,6
DA:21,6
DA:22,6
DA:23,6
DA:24,6
DA:25,6
DA:26,6
DA:27,239
DA:28,239
DA:29,1674
DA:30,1671
DA:31,1671
DA:32,1671
DA:33,1674
DA:34,1
DA:35,1
DA:36,1
DA:37,1674
DA:38,306
DA:39,306
DA:40,306
DA:41,1670
DA:42,239
DA:43,239
LF:43
LH:43
BRDA:1,0,0,6
BRDA:26,1,0,239
BRDA:28,2,0,1674
BRDA:29,3,0,1652
BRDA:29,4,0,3
BRDA:30,5,0,1671
BRDA:33,6,0,1
BRDA:37,7,0,1670
BRDA:37,8,0,306
BRDA:38,9,0,110
BRDA:38,10,0,196
BRDA:41,11,0,1670
BRF:12
BRH:12
end_of_record
TN:
SF:reference/detectors/ipaddr.mjs
FN:7,push
FN:28,detect
FNF:2
FNH:2
FNDA:43,push
FNDA:341,detect
DA:1,7
DA:2,7
DA:3,7
DA:4,7
DA:5,7
DA:6,7
DA:7,43
DA:8,43
DA:9,42
DA:10,42
DA:11,42
DA:12,43
DA:13,0
DA:14,0
DA:15,42
DA:16,42
DA:17,42
DA:18,42
DA:19,42
DA:20,42
DA:21,42
DA:22,42
DA:23,42
DA:24,42
DA:25,43
DA:26,7
DA:27,7
DA:28,7
DA:29,341
DA:30,341
DA:31,341
DA:32,341
DA:33,341
LF:33
LH:31
BRDA:1,0,0,7
BRDA:7,1,0,43
BRDA:8,2,0,1
BRDA:9,3,0,42
BRDA:12,4,0,0
BRDA:15,5,0,42
BRDA:28,6,0,341
BRDA:30,7,0,42
BRDA:31,8,0,1
BRF:9
BRH:8
end_of_record
TN:
SF:reference/detectors/phone.mjs
FN:9,detect
FNF:1
FNH:1
FNDA:341,detect
DA:1,7
DA:2,7
DA:3,7
DA:4,7
DA:5,7
DA:6,7
DA:7,7
DA:8,7
DA:9,7
DA:10,341
DA:11,341
DA:12,228
DA:13,228
DA:14,228
DA:15,228
DA:16,46
DA:17,46
DA:18,46
DA:19,46
DA:20,46
DA:21,46
DA:22,46
DA:23,46
DA:24,46
DA:25,46
DA:26,46
DA:27,228
DA:28,0
DA:29,0
DA:30,228
DA:31,341
DA:32,341
LF:32
LH:30
BRDA:1,0,0,7
BRDA:9,1,0,341
BRDA:11,2,0,228
BRDA:15,3,0,226
BRDA:15,4,0,182
BRDA:16,5,0,46
BRDA:27,6,0,0
BRF:7
BRH:6
end_of_record
TN:
SF:reference/detectors/presidio.mjs
FN:6,valid
FN:11,valid
FN:12,valid
FN:13,valid
FN:14,valid
FN:18,detect
FNF:6
FNH:6
FNDA:43,valid
FNDA:41,valid
FNDA:1,valid
FNDA:1,valid
FNDA:1,valid
FNDA:346,detect
DA:1,7
DA:2,7
DA:3,7
DA:4,7
DA:5,7
DA:6,7
DA:7,43
DA:8,43
DA:9,7
DA:10,7
DA:11,7
DA:12,7
DA:13,7
DA:14,7
DA:15,7
DA:16,7
DA:17,7
DA:18,7
DA:19,346
DA:20,346
DA:21,1730
DA:22,87
DA:23,86
DA:24,86
DA:25,86
DA:26,86
DA:27,86
DA:28,86
DA:29,86
DA:30,86
DA:31,86
DA:32,86
DA:33,1730
DA:34,346
DA:35,346
LF:35
LH:35
BRDA:1,0,0,7
BRDA:6,1,0,43
BRDA:8,2,0,42
BRDA:8,3,0,42
BRDA:8,4,0,42
BRDA:8,5,0,42
BRDA:11,6,0,41
BRDA:12,7,0,1
BRDA:13,8,0,1
BRDA:14,9,0,1
BRDA:18,10,0,346
BRDA:20,11,0,1730
BRDA:21,12,0,87
BRDA:22,13,0,1
BRDA:23,14,0,86
BRF:15
BRH:15
end_of_record
TN:
SF:reference/detectors/profanity.mjs
FN:7,esc
FN:10,overlaps
FN:13,detect
FNF:3
FNH:3
FNDA:1771,esc
FNDA:2,overlaps
FNDA:341,detect
DA:1,7
DA:2,7
DA:3,7
DA:4,7
DA:5,7
DA:6,7
DA:7,7
DA:8,7
DA:9,7
DA:10,7
DA:11,7
DA:12,7
DA:13,7
DA:14,341
DA:15,341
DA:16,65
DA:17,65
DA:18,65
DA:19,65
DA:20,65
DA:21,65
DA:22,65
DA:23,65
DA:24,65
DA:25,65
DA:26,65
DA:27,65
DA:28,341
DA:29,2
DA:30,2
DA:31,0
DA:32,0
DA:33,0
DA:34,0
DA:35,0
DA:36,0
DA:37,0
DA:38,0
DA:39,0
DA:40,0
DA:41,0
DA:42,341
DA:43,341
LF:43
LH:32
BRDA:1,0,0,7
BRDA:7,1,0,1771
BRDA:10,2,0,2
BRDA:13,3,0,341
BRDA:15,4,0,65
BRDA:28,5,0,2
BRDA:30,6,0,0
BRDA:30,7,0,2
BRF:8
BRH:7
end_of_record
TN:
SF:reference/detectors/spam.mjs
FN:7,esc
FN:10,detect
FNF:2
FNH:2
FNDA:4774,esc
FNDA:341,detect
DA:1,7
DA:2,7
DA:3,7
DA:4,7
DA:5,7
DA:6,7
DA:7,7
DA:8,7
DA:9,7
DA:10,7
DA:11,341
DA:12,341
DA:13,341
DA:14,341
DA:15,61
DA:16,61
DA:17,61
DA:18,61
DA:19,61
DA:20,61
DA:21,61
DA:22,61
DA:23,341
DA:24,341
DA:25,341
DA:26,62
DA:27,62
DA:28,62
DA:29,62
DA:30,62
DA:31,62
DA:32,62
DA:33,62
DA:34,341
DA:35,341
LF:35
LH:35
BRDA:1,0,0,7
BRDA:7,1,0,4774
BRDA:10,2,0,341
BRDA:14,3,0,61
BRDA:25,4,0,62
BRF:5
BRH:5
end_of_record
TN:
SF:reference/detectors/validator.mjs
FN:10,valid
FN:12,valid
FN:17,valid
FN:22,detect
FNF:4
FNH:4
FNDA:79,valid
FNDA:1,valid
FNDA:2,valid
FNDA:341,detect
DA:1,7
DA:2,7
DA:3,7
DA:4,7
DA:5,7
DA:6,7
DA:7,7
DA:8,7
DA:9,7
DA:10,7
DA:11,7
DA:12,7
DA:13,7
DA:14,7
DA:15,7
DA:16,7
DA:17,7
DA:18,7
DA:19,7
DA:20,7
DA:21,7
DA:22,7
DA:23,341
DA:24,341
DA:25,1023
DA:26,82
DA:27,82
DA:28,81
DA:29,81
DA:30,81
DA:31,81
DA:32,81
DA:33,81
DA:34,81
DA:35,81
DA:36,81
DA:37,81
DA:38,1023
DA:39,341
DA:40,341
LF:40
LH:40
BRDA:1,0,0,7
BRDA:10,1,0,79
BRDA:12,2,0,1
BRDA:17,3,0,2
BRDA:22,4,0,341
BRDA:24,5,0,1023
BRDA:25,6,0,82
BRDA:27,7,0,1
BRDA:28,8,0,81
BRF:9
BRH:9
end_of_record
TN:
SF:reference/detectors/wordlists.mjs
FN:7,esc
FN:10,langRe
FN:19,detect
FNF:3
FNH:3
FNDA:4606,esc
FNDA:2387,langRe
FNDA:341,detect
DA:1,7
DA:2,7
DA:3,7
DA:4,7
DA:5,7
DA:6,7
DA:7,7
DA:8,7
DA:9,7
DA:10,2387
DA:11,2387
DA:12,2387
DA:13,2387
DA:14,2387
DA:15,2387
DA:16,2387
DA:17,7
DA:18,7
DA:19,7
DA:20,341
DA:21,341
DA:22,2387
DA:23,2387
DA:24,2387
DA:25,61
DA:26,61
DA:27,61
DA:28,61
DA:29,61
DA:30,61
DA:31,61
DA:32,61
DA:33,61
DA:34,61
DA:35,61
DA:36,2387
DA:37,341
DA:38,341
LF:38
LH:38
BRDA:1,0,0,7
BRDA:7,1,0,4606
BRDA:10,2,0,2387
BRDA:11,3,0,2338
BRDA:12,4,0,49
BRDA:12,5,0,0
BRDA:13,6,0,49
BRDA:13,7,0,0
BRDA:19,8,0,341
BRDA:21,9,0,2387
BRDA:23,10,0,0
BRDA:24,11,0,61
BRF:12
BRH:9
end_of_record
